<?xml version="1.0" encoding="UTF-8"?>
<testng-results ignored="0" total="1" passed="1" failed="0" skipped="0">
  <reporter-output>
  </reporter-output>
  <suite started-at="2023-09-28T14:38:03 CEST" name="Default suite" finished-at="2023-09-28T14:38:09 CEST" duration-ms="5308">
    <groups>
    </groups>
    <test started-at="2023-09-28T14:38:03 CEST" name="Default test" finished-at="2023-09-28T14:38:09 CEST" duration-ms="5308">
      <class name="hduappium.eCommerce_tc_1">
        <test-method is-config="true" signature="ConfigureAppium1()[pri:0, instance:hduappium.eCommerce_tc_1@4116aac9]" started-at="2023-09-28T14:38:03 CEST" name="ConfigureAppium1" finished-at="2023-09-28T14:38:08 CEST" duration-ms="5041" status="PASS">
          <reporter-output>
          </reporter-output>
        </test-method> <!-- ConfigureAppium1 -->
        <test-method signature="fillForm()[pri:0, instance:hduappium.eCommerce_tc_1@4116aac9]" started-at="2023-09-28T14:38:08 CEST" name="fillForm" finished-at="2023-09-28T14:38:08 CEST" duration-ms="4" status="PASS">
          <reporter-output>
          </reporter-output>
        </test-method> <!-- fillForm -->
        <test-method is-config="true" signature="tearDown()[pri:0, instance:hduappium.eCommerce_tc_1@4116aac9]" started-at="2023-09-28T14:38:08 CEST" name="tearDown" finished-at="2023-09-28T14:38:09 CEST" duration-ms="230" status="PASS">
          <reporter-output>
          </reporter-output>
        </test-method> <!-- tearDown -->
      </class> <!-- hduappium.eCommerce_tc_1 -->
    </test> <!-- Default test -->
  </suite> <!-- Default suite -->
</testng-results>
